Arguments: 
  /home/jeremy/.asdf/installs/nodejs/18.16.1/bin/node /home/jeremy/.cache/node/corepack/yarn/1.22.19/bin/yarn.js install

PATH: 
  /home/jeremy/.asdf/plugins/nodejs/shims:/home/jeremy/.asdf/installs/nodejs/18.16.1/bin:/home/jeremy/.local/share/pnpm:/home/jeremy/.asdf/shims:/home/jeremy/.asdf/bin:/home/jeremy/.local/bin:/home/jeremy/.local/share/pnpm:/usr/local/sbin:/usr/local/bin:/usr/sbin:/usr/bin:/sbin:/bin:/usr/games:/usr/local/games:/snap/bin

Yarn version: 
  1.22.19

Node version: 
  18.16.1

Platform: 
  linux x64

Trace: 
  Error: ENOENT: no such file or directory, stat '/home/jeremy/dev/tilleuls/interne/react-esi/examples/express/node_modules/react-esi'

npm manifest: 
  {
    "author": "Kévin Dunglas",
    "dependencies": {
      "react-esi": "link: ../../lib"
    },
    "description": "An example project to demonstrate usage of ESI with Express",
    "license": "MIT",
    "main": "index.js",
    "name": "esi-express-example",
    "repository": "https://github.com/dunglas/react-esi/examples/express",
    "version": "1.0.0"
  }

yarn manifest: 
  No manifest

Lockfile: 
  # THIS IS AN AUTOGENERATED FILE. DO NOT EDIT THIS FILE DIRECTLY.
  # yarn lockfile v1
  
  
  "react-esi@link:lib":
    version "0.0.0"
    uid ""
